<?xml version="1.0" encoding="UTF-8"?>
<testng-results ignored="0" total="1" passed="1" failed="0" skipped="0">
  <reporter-output>
  </reporter-output>
  <suite started-at="2023-12-28T23:38:17 IST" name="Default suite" finished-at="2023-12-28T23:40:04 IST" duration-ms="106504">
    <groups>
      <group name="cucumber">
        <method signature="AbstractTestNGCucumberTests.runScenario(io.cucumber.testng.PickleWrapper,io.cucumber.testng.FeatureWrapper)[pri:0, instance:com.test.qa.main.TestRunner@1a5a4e19]" name="runScenario" class="io.cucumber.testng.AbstractTestNGCucumberTests"/>
      </group> <!-- cucumber -->
    </groups>
    <test started-at="2023-12-28T23:38:17 IST" name="Default test" finished-at="2023-12-28T23:40:04 IST" duration-ms="106504">
      <class name="com.test.qa.main.TestRunner">
        <test-method is-config="true" signature="setUpClass(org.testng.ITestContext)[pri:0, instance:com.test.qa.main.TestRunner@1a5a4e19]" started-at="2023-12-28T23:38:17 IST" name="setUpClass" finished-at="2023-12-28T23:38:18 IST" duration-ms="357" status="PASS">
          <params>
            <param index="0">
              <value>
                <![CDATA[org.testng.TestRunner@6a818392]]>
              </value>
            </param>
          </params>
          <reporter-output>
          </reporter-output>
        </test-method> <!-- setUpClass -->
        <test-method signature="runScenario(io.cucumber.testng.PickleWrapper,io.cucumber.testng.FeatureWrapper)[pri:0, instance:com.test.qa.main.TestRunner@1a5a4e19]" started-at="2023-12-28T23:38:18 IST" name="runScenario" description="Runs Cucumber Scenarios" data-provider="scenarios" finished-at="2023-12-28T23:40:03 IST" duration-ms="105099" status="PASS">
          <params>
            <param index="0">
              <value>
                <![CDATA["Testing the Compare tab count for Overpriced items"]]>
              </value>
            </param>
            <param index="1">
              <value>
                <![CDATA["Assignment for all the cases"]]>
              </value>
            </param>
          </params>
          <reporter-output>
          </reporter-output>
        </test-method> <!-- runScenario -->
        <test-method is-config="true" signature="tearDownClass()[pri:0, instance:com.test.qa.main.TestRunner@1a5a4e19]" started-at="2023-12-28T23:40:03 IST" name="tearDownClass" finished-at="2023-12-28T23:40:04 IST" duration-ms="1019" status="PASS">
          <reporter-output>
          </reporter-output>
        </test-method> <!-- tearDownClass -->
      </class> <!-- com.test.qa.main.TestRunner -->
    </test> <!-- Default test -->
  </suite> <!-- Default suite -->
</testng-results>
